c:\users\louis\documents\ualbertabot-master_new\ualbertabot\visualstudio\release\ualbertabot\bossmanager.obj
c:\users\louis\documents\ualbertabot-master_new\ualbertabot\visualstudio\release\ualbertabot\global.obj
c:\users\louis\documents\ualbertabot-master_new\ualbertabot\visualstudio\release\ualbertabot\micro.obj
c:\users\louis\documents\ualbertabot-master_new\ualbertabot\visualstudio\release\ualbertabot\squaddata.obj
c:\users\louis\documents\ualbertabot-master_new\ualbertabot\visualstudio\release\ualbertabot\uabassert.obj
c:\users\louis\documents\ualbertabot-master_new\ualbertabot\visualstudio\release\ualbertabot\wraith.obj
c:\users\louis\documents\ualbertabot-master_new\ualbertabot\visualstudio\release\ualbertabot\buildingdata.obj
c:\users\louis\documents\ualbertabot-master_new\ualbertabot\visualstudio\release\ualbertabot\combatsimulation.obj
c:\users\louis\documents\ualbertabot-master_new\ualbertabot\visualstudio\release\ualbertabot\medicmanager.obj
c:\users\louis\documents\ualbertabot-master_new\ualbertabot\visualstudio\release\ualbertabot\microstrategymanager.obj
c:\users\louis\documents\ualbertabot-master_new\ualbertabot\visualstudio\release\ualbertabot\strategymanager.obj
c:\users\louis\documents\ualbertabot-master_new\ualbertabot\visualstudio\release\ualbertabot\unitutil.obj
c:\users\louis\documents\ualbertabot-master_new\ualbertabot\visualstudio\release\ualbertabot\buildingplacermanager.obj
c:\users\louis\documents\ualbertabot-master_new\ualbertabot\visualstudio\release\ualbertabot\common.obj
c:\users\louis\documents\ualbertabot-master_new\ualbertabot\visualstudio\release\ualbertabot\gamecommander.obj
c:\users\louis\documents\ualbertabot-master_new\ualbertabot\visualstudio\release\ualbertabot\parseutils.obj
c:\users\louis\documents\ualbertabot-master_new\ualbertabot\visualstudio\release\ualbertabot\tankmanager.obj
c:\users\louis\documents\ualbertabot-master_new\ualbertabot\visualstudio\release\ualbertabot\ualbertabotmodule.obj
c:\users\louis\documents\ualbertabot-master_new\ualbertabot\visualstudio\release\ualbertabot\buildingmanager.obj
c:\users\louis\documents\ualbertabot-master_new\ualbertabot\visualstudio\release\ualbertabot\detectormanager.obj
c:\users\louis\documents\ualbertabot-master_new\ualbertabot\visualstudio\release\ualbertabot\maptools.obj
c:\users\louis\documents\ualbertabot-master_new\ualbertabot\visualstudio\release\ualbertabot\config.obj
c:\users\louis\documents\ualbertabot-master_new\ualbertabot\visualstudio\release\ualbertabot\scoutmanager.obj
c:\users\louis\documents\ualbertabot-master_new\ualbertabot\visualstudio\release\ualbertabot\unitdata.obj
c:\users\louis\documents\ualbertabot-master_new\ualbertabot\visualstudio\release\ualbertabot\autoobserver.obj
c:\users\louis\documents\ualbertabot-master_new\ualbertabot\visualstudio\release\ualbertabot\combatcommander.obj
c:\users\louis\documents\ualbertabot-master_new\ualbertabot\visualstudio\release\ualbertabot\jsontools.obj
c:\users\louis\documents\ualbertabot-master_new\ualbertabot\visualstudio\release\ualbertabot\metatype.obj
c:\users\louis\documents\ualbertabot-master_new\ualbertabot\visualstudio\release\ualbertabot\rangedmanager.obj
c:\users\louis\documents\ualbertabot-master_new\ualbertabot\visualstudio\release\ualbertabot\timermanager.obj
c:\users\louis\documents\ualbertabot-master_new\ualbertabot\visualstudio\release\ualbertabot\buildorder.obj
c:\users\louis\documents\ualbertabot-master_new\ualbertabot\visualstudio\release\ualbertabot\buildorderqueue.obj
c:\users\louis\documents\ualbertabot-master_new\ualbertabot\visualstudio\release\ualbertabot\main.obj
c:\users\louis\documents\ualbertabot-master_new\ualbertabot\visualstudio\release\ualbertabot\productionmanager.obj
c:\users\louis\documents\ualbertabot-master_new\ualbertabot\visualstudio\release\ualbertabot\transportmanager.obj
c:\users\louis\documents\ualbertabot-master_new\ualbertabot\visualstudio\release\ualbertabot\baselocation.obj
c:\users\louis\documents\ualbertabot-master_new\ualbertabot\visualstudio\release\ualbertabot\comsatstationmanager.obj
c:\users\louis\documents\ualbertabot-master_new\ualbertabot\visualstudio\release\ualbertabot\informationmanager.obj
c:\users\louis\documents\ualbertabot-master_new\ualbertabot\visualstudio\release\ualbertabot\meleemanager.obj
c:\users\louis\documents\ualbertabot-master_new\ualbertabot\visualstudio\release\ualbertabot\sciencevesselmanager.obj
c:\users\louis\documents\ualbertabot-master_new\ualbertabot\visualstudio\release\ualbertabot\terrandropmanager.obj
c:\users\louis\documents\ualbertabot-master_new\ualbertabot\visualstudio\release\ualbertabot\workermanager.obj
c:\users\louis\documents\ualbertabot-master_new\ualbertabot\visualstudio\release\ualbertabot\baselocationmanager.obj
c:\users\louis\documents\ualbertabot-master_new\ualbertabot\visualstudio\release\ualbertabot\distancemap.obj
c:\users\louis\documents\ualbertabot-master_new\ualbertabot\visualstudio\release\ualbertabot\logger.obj
c:\users\louis\documents\ualbertabot-master_new\ualbertabot\visualstudio\release\ualbertabot\micromanager.obj
c:\users\louis\documents\ualbertabot-master_new\ualbertabot\visualstudio\release\ualbertabot\squad.obj
c:\users\louis\documents\ualbertabot-master_new\ualbertabot\visualstudio\release\ualbertabot\workerdata.obj
c:\users\louis\documents\ualbertabot-master_new\ualbertabot\visualstudio\release\ualbertabot\vc142.pdb
c:\users\louis\documents\ualbertabot-master_new\ualbertabot\bin\ualbertabot.exe
c:\users\louis\documents\ualbertabot-master_new\ualbertabot\visualstudio\release\ualbertabot\ualbertabot.ipdb
c:\users\louis\documents\ualbertabot-master_new\ualbertabot\visualstudio\release\ualbertabot\ualbertabot.iobj
c:\users\louis\documents\ualbertabot-master_new\ualbertabot\bin\ualbertabot.map
c:\users\louis\documents\ualbertabot-master_new\ualbertabot\bin\ualbertabot.pdb
c:\users\louis\documents\ualbertabot-master_new\ualbertabot\visualstudio\\..\bin\ualbertabot.pdb
c:\users\louis\documents\ualbertabot-master_new\ualbertabot\visualstudio\release\ualbertabot\ualbertabot.tlog\cl.command.1.tlog
c:\users\louis\documents\ualbertabot-master_new\ualbertabot\visualstudio\release\ualbertabot\ualbertabot.tlog\cl.read.1.tlog
c:\users\louis\documents\ualbertabot-master_new\ualbertabot\visualstudio\release\ualbertabot\ualbertabot.tlog\cl.write.1.tlog
c:\users\louis\documents\ualbertabot-master_new\ualbertabot\visualstudio\release\ualbertabot\ualbertabot.tlog\link.command.1.tlog
c:\users\louis\documents\ualbertabot-master_new\ualbertabot\visualstudio\release\ualbertabot\ualbertabot.tlog\link.read.1.tlog
c:\users\louis\documents\ualbertabot-master_new\ualbertabot\visualstudio\release\ualbertabot\ualbertabot.tlog\link.write.1.tlog
