c:\users\louis\documents\ualbertabot-master_new\ualbertabot\visualstudio\release\sparcraft\allplayers.obj
c:\users\louis\documents\ualbertabot-master_new\ualbertabot\visualstudio\release\sparcraft\player_attackweakest.obj
c:\users\louis\documents\ualbertabot-master_new\ualbertabot\visualstudio\release\sparcraft\portfoliogreedysearch.obj
c:\users\louis\documents\ualbertabot-master_new\ualbertabot\visualstudio\release\sparcraft\common.obj
c:\users\louis\documents\ualbertabot-master_new\ualbertabot\visualstudio\release\sparcraft\player.obj
c:\users\louis\documents\ualbertabot-master_new\ualbertabot\visualstudio\release\sparcraft\player_kiter.obj
c:\users\louis\documents\ualbertabot-master_new\ualbertabot\visualstudio\release\sparcraft\player_random.obj
c:\users\louis\documents\ualbertabot-master_new\ualbertabot\visualstudio\release\sparcraft\weaponproperties.obj
c:\users\louis\documents\ualbertabot-master_new\ualbertabot\visualstudio\release\sparcraft\alphabetamove.obj
c:\users\louis\documents\ualbertabot-master_new\ualbertabot\visualstudio\release\sparcraft\hash.obj
c:\users\louis\documents\ualbertabot-master_new\ualbertabot\visualstudio\release\sparcraft\player_cluster.obj
c:\users\louis\documents\ualbertabot-master_new\ualbertabot\visualstudio\release\sparcraft\player_uct.obj
c:\users\louis\documents\ualbertabot-master_new\ualbertabot\visualstudio\release\sparcraft\transpositiontable.obj
c:\users\louis\documents\ualbertabot-master_new\ualbertabot\visualstudio\release\sparcraft\action.obj
c:\users\louis\documents\ualbertabot-master_new\ualbertabot\visualstudio\release\sparcraft\movearray.obj
c:\users\louis\documents\ualbertabot-master_new\ualbertabot\visualstudio\release\sparcraft\player_attackdps.obj
c:\users\louis\documents\ualbertabot-master_new\ualbertabot\visualstudio\release\sparcraft\player_nokdps.obj
c:\users\louis\documents\ualbertabot-master_new\ualbertabot\visualstudio\release\sparcraft\timer.obj
c:\users\louis\documents\ualbertabot-master_new\ualbertabot\visualstudio\release\sparcraft\enumdata.obj
c:\users\louis\documents\ualbertabot-master_new\ualbertabot\visualstudio\release\sparcraft\gamestate.obj
c:\users\louis\documents\ualbertabot-master_new\ualbertabot\visualstudio\release\sparcraft\player_kiterdps.obj
c:\users\louis\documents\ualbertabot-master_new\ualbertabot\visualstudio\release\sparcraft\sparcraft.obj
c:\users\louis\documents\ualbertabot-master_new\ualbertabot\visualstudio\release\sparcraft\unitscriptdata.obj
c:\users\louis\documents\ualbertabot-master_new\ualbertabot\visualstudio\release\sparcraft\alphabetasearch.obj
c:\users\louis\documents\ualbertabot-master_new\ualbertabot\visualstudio\release\sparcraft\playerproperties.obj
c:\users\louis\documents\ualbertabot-master_new\ualbertabot\visualstudio\release\sparcraft\player_kiter_nokdps.obj
c:\users\louis\documents\ualbertabot-master_new\ualbertabot\visualstudio\release\sparcraft\sparcraftexception.obj
c:\users\louis\documents\ualbertabot-master_new\ualbertabot\visualstudio\release\sparcraft\unit.obj
c:\users\louis\documents\ualbertabot-master_new\ualbertabot\visualstudio\release\sparcraft\game.obj
c:\users\louis\documents\ualbertabot-master_new\ualbertabot\visualstudio\release\sparcraft\player_alphabeta.obj
c:\users\louis\documents\ualbertabot-master_new\ualbertabot\visualstudio\release\sparcraft\sparcraftassert.obj
c:\users\louis\documents\ualbertabot-master_new\ualbertabot\visualstudio\release\sparcraft\uctsearch.obj
c:\users\louis\documents\ualbertabot-master_new\ualbertabot\visualstudio\release\sparcraft\animationframedata.obj
c:\users\louis\documents\ualbertabot-master_new\ualbertabot\visualstudio\release\sparcraft\logger.obj
c:\users\louis\documents\ualbertabot-master_new\ualbertabot\visualstudio\release\sparcraft\player_attackclosest.obj
c:\users\louis\documents\ualbertabot-master_new\ualbertabot\visualstudio\release\sparcraft\player_portfoliogreedysearch.obj
c:\users\louis\documents\ualbertabot-master_new\ualbertabot\visualstudio\release\sparcraft\unitproperties.obj
c:\users\louis\documents\ualbertabot-master_new\ualbertabot\visualstudio\release\sparcraft\sparcraft.pdb
c:\users\louis\documents\ualbertabot-master_new\ualbertabot\visualstudio\release\sparcraft\sparcraft.lib
c:\users\louis\documents\ualbertabot-master_new\ualbertabot\visualstudio\\release\sparcraft\sparcraft.pdb
c:\users\louis\documents\ualbertabot-master_new\ualbertabot\visualstudio\release\sparcraft\sparcraft.tlog\cl.20904.write.1.tlog
c:\users\louis\documents\ualbertabot-master_new\ualbertabot\visualstudio\release\sparcraft\sparcraft.tlog\cl.command.1.tlog
c:\users\louis\documents\ualbertabot-master_new\ualbertabot\visualstudio\release\sparcraft\sparcraft.tlog\cl.read.1.tlog
c:\users\louis\documents\ualbertabot-master_new\ualbertabot\visualstudio\release\sparcraft\sparcraft.tlog\lib-link.read.1.tlog
c:\users\louis\documents\ualbertabot-master_new\ualbertabot\visualstudio\release\sparcraft\sparcraft.tlog\lib-link.write.1.tlog
c:\users\louis\documents\ualbertabot-master_new\ualbertabot\visualstudio\release\sparcraft\sparcraft.tlog\lib.command.1.tlog
