  Action.cpp
  AllPlayers.cpp
  AlphaBetaMove.cpp
  AlphaBetaSearch.cpp
  AnimationFrameData.cpp
  Common.cpp
  EnumData.cpp
  Game.cpp
  GameState.cpp
  Hash.cpp
  Logger.cpp
  MoveArray.cpp
  Player.cpp
  PlayerProperties.cpp
  Player_AlphaBeta.cpp
  Player_AttackClosest.cpp
  Player_AttackDPS.cpp
  Player_AttackWeakest.cpp
  Player_Cluster.cpp
  Player_Kiter.cpp
  Player_KiterDPS.cpp
  Player_Kiter_NOKDPS.cpp
  Player_NOKDPS.cpp
  Player_PortfolioGreedySearch.cpp
  Player_Random.cpp
  Player_UCT.cpp
  PortfolioGreedySearch.cpp
  SparCraft.cpp
  SparCraftAssert.cpp
  SparCraftException.cpp
  Timer.cpp
  TranspositionTable.cpp
  UCTSearch.cpp
  Unit.cpp
  UnitProperties.cpp
  UnitScriptData.cpp
  WeaponProperties.cpp
  SparCraft.vcxproj -> C:\Users\Louis\Documents\ualbertabot-master_new\UAlbertaBot\VisualStudio\Release\SparCraft\SparCraft.lib
